C51 COMPILER V9.59.0.0   LOOPER                                                            01/10/2019 23:20:39 PAGE 1   


C51 COMPILER V9.59.0.0, COMPILATION OF MODULE LOOPER
OBJECT MODULE PLACED IN Looper.obj
COMPILER INVOKED BY: C:\Keil_v5\C51\BIN\C51.EXE Looper\Looper.c OPTIMIZE(8,SPEED) BROWSE DEBUG OBJECTEXTEND PRINT(.\Loop
                    -er.lst) TABS(2) OBJECT(Looper.obj)

line level    source

   1          #include "Looper.h"
   2          #include "..\\SegScreen\\SegScreen.h"
   3          #include "..\\ClockInterface.h"
   4          #include "..\\TaskSelector.h"
   5          #include "..\\Time.h"
   6          #include "..\\DateInterface.h"
   7          #include "..\\StopwatchTask.h"
   8          #include "..\\TestTask.h"
   9          #include "..\\Input.h"
  10          #include "..\\AlarmTask.h"
  11          char looper_temp_i;
  12          void Looper_Init(LOOPER *looper)
  13          {
  14   1        looper->inited = 1;
  15   1        
  16   1        ClockInterface_Init();
  17   1        DateInterface_Init();
  18   1        StopwatchTask_Init();
  19   1        AlarmTask_Init();
  20   1        
  21   1      }
  22          void Looper_Update(LOOPER *looper, int deltaTime)
  23          {
  24   1        looper->deltaTime = deltaTime;
  25   1        
  26   1        Input_LooperUpdate(looper);
  27   1        TaskSelector_LooperUpdate();
  28   1        ClockInterface_LooperUpdate(looper);
  29   1        DateInterface_LooperUpdate(looper);
  30   1        StopwatchTask_LooperUpdate(looper);
  31   1        AlarmTask_LooperUpdate(looper);
  32   1        TestTask_LooperUpdate(looper);
  33   1        SegScreen_LooperUpdate(looper);
  34   1      }


MODULE INFORMATION:   STATIC OVERLAYABLE
   CODE SIZE        =     90    ----
   CONSTANT SIZE    =   ----    ----
   XDATA SIZE       =   ----    ----
   PDATA SIZE       =   ----    ----
   DATA SIZE        =      1       3
   IDATA SIZE       =   ----    ----
   BIT SIZE         =   ----    ----
END OF MODULE INFORMATION.


C51 COMPILATION COMPLETE.  0 WARNING(S),  0 ERROR(S)
