C51 COMPILER V9.59.0.0   TASKUTILITY                                                       01/10/2019 23:20:40 PAGE 1   


C51 COMPILER V9.59.0.0, COMPILATION OF MODULE TASKUTILITY
OBJECT MODULE PLACED IN TaskUtility.OBJ
COMPILER INVOKED BY: C:\Keil_v5\C51\BIN\C51.EXE TaskUtility.c OPTIMIZE(8,SPEED) BROWSE DEBUG OBJECTEXTEND TABS(2)

line level    source

   1          #include "TaskUtility.h"
   2          
   3          unsigned char TaskUtility_Public_Var_uChar1;
   4          unsigned char TaskUtility_Public_Var_uChar2;
   5          unsigned char TaskUtility_Public_Var_uChar3;
   6          unsigned char TaskUtility_Public_Var_uChar4;
   7          unsigned char TaskUtility_Public_Var_uChar5;
   8          char TaskUtility_Public_Var_SegViewArr[16];


MODULE INFORMATION:   STATIC OVERLAYABLE
   CODE SIZE        =   ----    ----
   CONSTANT SIZE    =   ----    ----
   XDATA SIZE       =   ----    ----
   PDATA SIZE       =   ----    ----
   DATA SIZE        =     21    ----
   IDATA SIZE       =   ----    ----
   BIT SIZE         =   ----    ----
END OF MODULE INFORMATION.


C51 COMPILATION COMPLETE.  0 WARNING(S),  0 ERROR(S)
