C51 COMPILER V9.59.0.0   TIME                                                              01/09/2019 16:53:21 PAGE 1   


C51 COMPILER V9.59.0.0, COMPILATION OF MODULE TIME
OBJECT MODULE PLACED IN Time.OBJ
COMPILER INVOKED BY: C:\Keil_v5\C51\BIN\C51.EXE Time.c OPTIMIZE(8,SPEED) BROWSE DEBUG OBJECTEXTEND TABS(2)

line level    source

   1          #include "Time.h"
   2          #include "BinHelper.h"
   3          #include "Utility.h"
   4          int time_temp_i;
   5          void Int_To_Chars(int value, int decDigitCount, char *chars);
   6          void Time_ToString(TIME *time, char *str)
   7          {
   8   1        Int_To_Chars(TIME_GET_HOUR(*time), 2, str);
   9   1        str[2] = '.';
  10   1        Int_To_Chars(TIME_GET_MINUTE(*time), 2, &(str[3]));
  11   1        str[5] = '.';
  12   1        Int_To_Chars(TIME_GET_SECOND(*time), 2, &(str[6]));
  13   1        str[8] = '\0';
  14   1      }
  15          
  16          void Time_Add_1_Decisecond(TIME *time)
  17          {
  18   1        TIME_SET_DECISECOND(*time ,TIME_GET_DECISECOND(*time)+1);
  19   1        if(TIME_GET_DECISECOND(*time) >= 10)
  20   1        {
  21   2          TIME_SET_DECISECOND(*time, 0);
  22   2          TIME_SET_SECOND(*time, TIME_GET_SECOND(*time)+1);
  23   2        }
  24   1        if(TIME_GET_SECOND(*time) >= 60)
  25   1        {
  26   2          TIME_SET_SECOND(*time, 0);
  27   2          TIME_SET_MINUTE(*time, TIME_GET_MINUTE(*time)+1);
  28   2        }
  29   1        if(TIME_GET_MINUTE(*time) >= 60)
  30   1        {
  31   2          TIME_SET_MINUTE(*time, 0);
  32   2          TIME_SET_HOUR(*time, TIME_GET_HOUR(*time)+1);
  33   2        }
  34   1      }
  35          


MODULE INFORMATION:   STATIC OVERLAYABLE
   CODE SIZE        =    251    ----
   CONSTANT SIZE    =   ----    ----
   XDATA SIZE       =   ----    ----
   PDATA SIZE       =   ----    ----
   DATA SIZE        =      2       6
   IDATA SIZE       =   ----    ----
   BIT SIZE         =   ----    ----
END OF MODULE INFORMATION.


C51 COMPILATION COMPLETE.  0 WARNING(S),  0 ERROR(S)
