C51 COMPILER V9.59.0.0   UTILITY                                                           01/09/2019 16:53:21 PAGE 1   


C51 COMPILER V9.59.0.0, COMPILATION OF MODULE UTILITY
OBJECT MODULE PLACED IN Utility.OBJ
COMPILER INVOKED BY: C:\Keil_v5\C51\BIN\C51.EXE Utility.c OPTIMIZE(8,SPEED) BROWSE DEBUG OBJECTEXTEND TABS(2)

line level    source

   1          void Int_To_Chars(int value, int decDigitCount, char *chars)
   2          {
   3   1        int i = decDigitCount - 1;
   4   1        int left = value;
   5   1        int curr;
   6   1        while(i >= 0)
   7   1        {
   8   2          curr = left % 10;
   9   2          left = left / 10;
  10   2          chars[i] = curr + '0';
  11   2          i--;
  12   2        }
  13   1      }


MODULE INFORMATION:   STATIC OVERLAYABLE
   CODE SIZE        =     89    ----
   CONSTANT SIZE    =   ----    ----
   XDATA SIZE       =   ----    ----
   PDATA SIZE       =   ----    ----
   DATA SIZE        =   ----       9
   IDATA SIZE       =   ----    ----
   BIT SIZE         =   ----    ----
END OF MODULE INFORMATION.


C51 COMPILATION COMPLETE.  0 WARNING(S),  0 ERROR(S)
